<?xml version="1.0" encoding="UTF-8"?>
<!-- Generated by org.testng.reporters.JUnitXMLReporter -->
<testsuite ignored="0" hostname="DESKTOP-V82BEDM" failures="1" tests="3" name="Functional Test" time="10.992" errors="0" timestamp="19 Sept 2024 01:26:41 GMT">
  <testcase classname="testCases.SearchPageTest" name="launchURL" time="2.859"/>
  <testcase classname="testCases.SearchPageTest" name="pageLogin" time="7.34"/>
  <testcase classname="testCases.SearchPageTest" name="searchFunctionality" time="0.754">
    <failure type="java.lang.IllegalAccessError" message="class pageActions.GoogleSearchPageActions (in unnamed module @0x5aaa6d82) cannot access class com.sun.tools.javac.util.Assert (in module jdk.compiler) because module jdk.compiler does not export com.sun.tools.javac.util to unnamed module @0x5aaa6d82">
      <![CDATA[java.lang.IllegalAccessError: class pageActions.GoogleSearchPageActions (in unnamed module @0x5aaa6d82) cannot access class com.sun.tools.javac.util.Assert (in module jdk.compiler) because module jdk.compiler does not export com.sun.tools.javac.util to unnamed module @0x5aaa6d82
	at pageActions.GoogleSearchPageActions.searchFunctionality(GoogleSearchPageActions.java:57)
	at testCases.SearchPageTest.searchFunctionality(SearchPageTest.java:47)
... Removed 23 stack frames]]>
    </failure>
  </testcase> <!-- searchFunctionality -->
</testsuite> <!-- Functional Test -->
