<?xml version="1.0" encoding="UTF-8"?>
<testng-results ignored="0" total="3" passed="2" failed="1" skipped="0">
  <reporter-output>
  </reporter-output>
  <suite started-at="2024-09-19T01:26:30Z" name="Google Functionality" finished-at="2024-09-19T01:26:41Z" duration-ms="10992">
    <groups>
    </groups>
    <test started-at="2024-09-19T01:26:30Z" name="Functional Test" finished-at="2024-09-19T01:26:41Z" duration-ms="10992">
      <class name="testCases.SearchPageTest">
        <test-method is-config="true" signature="beforeSuite()[pri:0, instance:testCases.SearchPageTest@1ca3b418]" started-at="2024-09-19T06:56:28Z" name="beforeSuite" finished-at="2024-09-19T06:56:30Z" duration-ms="2122" status="PASS">
          <reporter-output>
          </reporter-output>
        </test-method> <!-- beforeSuite -->
        <test-method signature="launchURL()[pri:1, instance:testCases.SearchPageTest@1ca3b418]" started-at="2024-09-19T06:56:30Z" name="launchURL" finished-at="2024-09-19T06:56:33Z" duration-ms="2859" status="PASS">
          <reporter-output>
          </reporter-output>
        </test-method> <!-- launchURL -->
        <test-method signature="pageLogin()[pri:2, instance:testCases.SearchPageTest@1ca3b418]" started-at="2024-09-19T06:56:33Z" name="pageLogin" finished-at="2024-09-19T06:56:40Z" duration-ms="7340" status="PASS">
          <reporter-output>
          </reporter-output>
        </test-method> <!-- pageLogin -->
        <test-method signature="searchFunctionality()[pri:3, instance:testCases.SearchPageTest@1ca3b418]" started-at="2024-09-19T06:56:40Z" name="searchFunctionality" finished-at="2024-09-19T06:56:41Z" duration-ms="754" status="FAIL">
          <exception class="java.lang.IllegalAccessError">
            <message>
              <![CDATA[class pageActions.GoogleSearchPageActions (in unnamed module @0x5aaa6d82) cannot access class com.sun.tools.javac.util.Assert (in module jdk.compiler) because module jdk.compiler does not export com.sun.tools.javac.util to unnamed module @0x5aaa6d82]]>
            </message>
            <full-stacktrace>
              <![CDATA[java.lang.IllegalAccessError: class pageActions.GoogleSearchPageActions (in unnamed module @0x5aaa6d82) cannot access class com.sun.tools.javac.util.Assert (in module jdk.compiler) because module jdk.compiler does not export com.sun.tools.javac.util to unnamed module @0x5aaa6d82
	at pageActions.GoogleSearchPageActions.searchFunctionality(GoogleSearchPageActions.java:57)
	at testCases.SearchPageTest.searchFunctionality(SearchPageTest.java:47)
	at java.base/jdk.internal.reflect.DirectMethodHandleAccessor.invoke(DirectMethodHandleAccessor.java:103)
	at java.base/java.lang.reflect.Method.invoke(Method.java:580)
	at org.testng.internal.MethodInvocationHelper.invokeMethod(MethodInvocationHelper.java:108)
	at org.testng.internal.Invoker.invokeMethod(Invoker.java:661)
	at org.testng.internal.Invoker.invokeTestMethod(Invoker.java:869)
	at org.testng.internal.Invoker.invokeTestMethods(Invoker.java:1193)
	at org.testng.internal.TestMethodWorker.invokeTestMethods(TestMethodWorker.java:126)
	at org.testng.internal.TestMethodWorker.run(TestMethodWorker.java:109)
	at org.testng.TestRunner.privateRun(TestRunner.java:744)
	at org.testng.TestRunner.run(TestRunner.java:602)
	at org.testng.SuiteRunner.runTest(SuiteRunner.java:380)
	at org.testng.SuiteRunner.runSequentially(SuiteRunner.java:375)
	at org.testng.SuiteRunner.privateRun(SuiteRunner.java:340)
	at org.testng.SuiteRunner.run(SuiteRunner.java:289)
	at org.testng.SuiteRunnerWorker.runSuite(SuiteRunnerWorker.java:52)
	at org.testng.SuiteRunnerWorker.run(SuiteRunnerWorker.java:86)
	at org.testng.TestNG.runSuitesSequentially(TestNG.java:1301)
	at org.testng.TestNG.runSuitesLocally(TestNG.java:1226)
	at org.testng.TestNG.runSuites(TestNG.java:1144)
	at org.testng.TestNG.run(TestNG.java:1115)
	at org.testng.remote.AbstractRemoteTestNG.run(AbstractRemoteTestNG.java:115)
	at org.testng.remote.RemoteTestNG.initAndRun(RemoteTestNG.java:251)
	at org.testng.remote.RemoteTestNG.main(RemoteTestNG.java:77)
]]>
            </full-stacktrace>
          </exception> <!-- java.lang.IllegalAccessError -->
          <reporter-output>
          </reporter-output>
        </test-method> <!-- searchFunctionality -->
        <test-method is-config="true" signature="afterSuite()[pri:0, instance:testCases.SearchPageTest@1ca3b418]" started-at="2024-09-19T06:56:41Z" name="afterSuite" finished-at="2024-09-19T06:56:42Z" duration-ms="484" status="PASS">
          <reporter-output>
          </reporter-output>
        </test-method> <!-- afterSuite -->
      </class> <!-- testCases.SearchPageTest -->
    </test> <!-- Functional Test -->
  </suite> <!-- Google Functionality -->
</testng-results>
